<?xml version="1.0" encoding="UTF-8"?>
<!-- Generated by org.testng.reporters.JUnitXMLReporter -->
<testsuite ignored="1" hostname="Administrator" failures="7" tests="34" name="Regression suite 1" time="0.967" errors="0" timestamp="2021-04-20T17:49:04 IST">
  <testcase classname="TestNGDemo.AnnotationDemo1" name="funA" time="0.023"/>
  <testcase classname="TestNGDemo.AnnotationDemo2" name="funA" time="0.01"/>
  <testcase classname="TestNGDemo.AnnotationDemo2" name="funB" time="0.012"/>
  <testcase classname="TestNGDemo.AnnotationDemo3" name="funC" time="0.003"/>
  <testcase classname="TestNGDemo.AnnotationDemo4" name="funD" time="0.004"/>
  <testcase classname="TestNGDemo.DataProviderDemo1" name="funA" time="0.008"/>
  <testcase classname="TestNGDemo.DataProviderDemo1" name="funA" time="0.005"/>
  <testcase classname="TestNGDemo.DataProviderDemo1" name="funA" time="0.004"/>
  <testcase classname="TestNGDemo.DataProviderDemo1" name="funB" time="0.014"/>
  <testcase classname="TestNGDemo.DataProviderDemo1" name="funB" time="0.005"/>
  <testcase classname="TestNGDemo.DataProviderDemo1" name="funB" time="0.005"/>
  <testcase classname="TestNGDemo.DataProviderDemo2" name="loginTest" time="0.323">
    <failure type="java.lang.IllegalStateException" message="The driver executable does not exist: C:\Users\mani\Desktop\Drivers\chromedriver_win32\chromedriver.exe">
      <![CDATA[java.lang.IllegalStateException: The driver executable does not exist: C:\Users\mani\Desktop\Drivers\chromedriver_win32\chromedriver.exe
at com.google.common.base.Preconditions.checkState(Preconditions.java:585)
at org.openqa.selenium.remote.service.DriverService.checkExecutable(DriverService.java:146)
at org.openqa.selenium.remote.service.DriverService.findExecutable(DriverService.java:141)
at org.openqa.selenium.chrome.ChromeDriverService.access$000(ChromeDriverService.java:35)
at org.openqa.selenium.chrome.ChromeDriverService$Builder.findDefaultExecutable(ChromeDriverService.java:159)
at org.openqa.selenium.remote.service.DriverService$Builder.build(DriverService.java:355)
at org.openqa.selenium.chrome.ChromeDriverService.createDefaultService(ChromeDriverService.java:94)
at org.openqa.selenium.chrome.ChromeDriver.<init>(ChromeDriver.java:123)
at TestNGDemo.DataProviderDemo2.loginTest(DataProviderDemo2.java:14)
at java.base/java.util.ArrayList.forEach(ArrayList.java:1511)
... Removed 27 stack frames]]>
    </failure>
  </testcase> <!-- loginTest -->
  <testcase classname="TestNGDemo.DataProviderDemo2" name="loginTest" time="0.021">
    <failure type="java.lang.IllegalStateException" message="The driver executable does not exist: C:\Users\mani\Desktop\Drivers\chromedriver_win32\chromedriver.exe">
      <![CDATA[java.lang.IllegalStateException: The driver executable does not exist: C:\Users\mani\Desktop\Drivers\chromedriver_win32\chromedriver.exe
at com.google.common.base.Preconditions.checkState(Preconditions.java:585)
at org.openqa.selenium.remote.service.DriverService.checkExecutable(DriverService.java:146)
at org.openqa.selenium.remote.service.DriverService.findExecutable(DriverService.java:141)
at org.openqa.selenium.chrome.ChromeDriverService.access$000(ChromeDriverService.java:35)
at org.openqa.selenium.chrome.ChromeDriverService$Builder.findDefaultExecutable(ChromeDriverService.java:159)
at org.openqa.selenium.remote.service.DriverService$Builder.build(DriverService.java:355)
at org.openqa.selenium.chrome.ChromeDriverService.createDefaultService(ChromeDriverService.java:94)
at org.openqa.selenium.chrome.ChromeDriver.<init>(ChromeDriver.java:123)
at TestNGDemo.DataProviderDemo2.loginTest(DataProviderDemo2.java:14)
at java.base/java.util.ArrayList.forEach(ArrayList.java:1511)
... Removed 27 stack frames]]>
    </failure>
  </testcase> <!-- loginTest -->
  <testcase classname="TestNGDemo.DataProviderDemo2" name="loginTest" time="0.015">
    <failure type="java.lang.IllegalStateException" message="The driver executable does not exist: C:\Users\mani\Desktop\Drivers\chromedriver_win32\chromedriver.exe">
      <![CDATA[java.lang.IllegalStateException: The driver executable does not exist: C:\Users\mani\Desktop\Drivers\chromedriver_win32\chromedriver.exe
at com.google.common.base.Preconditions.checkState(Preconditions.java:585)
at org.openqa.selenium.remote.service.DriverService.checkExecutable(DriverService.java:146)
at org.openqa.selenium.remote.service.DriverService.findExecutable(DriverService.java:141)
at org.openqa.selenium.chrome.ChromeDriverService.access$000(ChromeDriverService.java:35)
at org.openqa.selenium.chrome.ChromeDriverService$Builder.findDefaultExecutable(ChromeDriverService.java:159)
at org.openqa.selenium.remote.service.DriverService$Builder.build(DriverService.java:355)
at org.openqa.selenium.chrome.ChromeDriverService.createDefaultService(ChromeDriverService.java:94)
at org.openqa.selenium.chrome.ChromeDriver.<init>(ChromeDriver.java:123)
at TestNGDemo.DataProviderDemo2.loginTest(DataProviderDemo2.java:14)
at java.base/java.util.ArrayList.forEach(ArrayList.java:1511)
... Removed 27 stack frames]]>
    </failure>
  </testcase> <!-- loginTest -->
  <testcase classname="TestNGDemo.NewTest" name="f" time="0.003"/>
  <testcase classname="TestNGDemo.TestNGAssertDemo1" name="funA" time="0.009"/>
  <testcase classname="TestNGDemo.TestNGAssertDemo1" name="funB" time="0.005">
    <failure type="java.lang.AssertionError" message="expected [true] but found [false]">
      <![CDATA[java.lang.AssertionError: expected [true] but found [false]
at TestNGDemo.TestNGAssertDemo1.funB(TestNGAssertDemo1.java:18)
at java.base/java.util.ArrayList.forEach(ArrayList.java:1511)
... Removed 31 stack frames]]>
    </failure>
  </testcase> <!-- funB -->
  <testcase classname="TestNGDemo.TestNGAssertDemo1" name="funC" time="0.003"/>
  <testcase classname="TestNGDemo.TestNGAssertDemo1" name="funD" time="0.003">
    <failure type="java.lang.AssertionError" message="expected [false] but found [true]">
      <![CDATA[java.lang.AssertionError: expected [false] but found [true]
at TestNGDemo.TestNGAssertDemo1.funD(TestNGAssertDemo1.java:29)
at java.base/java.util.ArrayList.forEach(ArrayList.java:1511)
... Removed 31 stack frames]]>
    </failure>
  </testcase> <!-- funD -->
  <testcase classname="TestNGDemo.TestNGAssertDemo2" name="funA" time="0.005"/>
  <testcase classname="TestNGDemo.TestNGDemo1" name="funA" time="0.005"/>
  <testcase classname="TestNGDemo.TestNGDemo2" name="funB" time="0.002"/>
  <testcase classname="TestNGDemo.TestNGDemo2" name="funC" time="0.007"/>
  <testcase classname="TestNGDemo.TestNGDemo2" name="funA" time="0.002"/>
  <testcase classname="TestNGDemo.TestNGDemo2" name="funD" time="0.003"/>
  <testcase classname="TestNGDemo.TestNGDemo3" name="loginTest" time="0.003"/>
  <testcase classname="TestNGDemo.TestNGDemo3" name="customerDetails" time="0.009">
    <failure type="java.lang.ArithmeticException" message="/ by zero">
      <![CDATA[java.lang.ArithmeticException: / by zero
at TestNGDemo.TestNGDemo3.customerDetails(TestNGDemo3.java:17)
at java.base/java.util.ArrayList.forEach(ArrayList.java:1511)
... Removed 27 stack frames]]>
    </failure>
  </testcase> <!-- customerDetails -->
  <testcase classname="TestNGDemo.TestNGDemo4" name="funA" time="0.006"/>
  <testcase classname="TestNGDemo.TestNGDemo4" name="funB" time="0.003">
    <failure type="java.lang.Exception" message="funB failed">
      <![CDATA[java.lang.Exception: funB failed
at TestNGDemo.TestNGDemo4.funB(TestNGDemo4.java:16)
at java.base/java.util.ArrayList.forEach(ArrayList.java:1511)
... Removed 27 stack frames]]>
    </failure>
  </testcase> <!-- funB -->
  <testcase classname="TestNGDemo.TestNGDemo4" name="funC" time="0.004">
    <skipped/>
  </testcase> <!-- funC -->
  <testcase classname="TestNGDemo.TestNGGroupsDemo1" name="funA" time="0.007"/>
  <testcase classname="TestNGDemo.TestNGGroupsDemo1" name="funB" time="0.003"/>
  <testcase classname="TestNGDemo.TestNGGroupsDemo1" name="funC" time="0.002"/>
  <testcase classname="TestNGDemo.TestNGGroupsDemo1" name="funD" time="0.002"/>
  <testcase classname="TestNGDemo.TestNGDemo4" name="funD" time="0.0">
    <ignored/>
  </testcase> <!-- funD -->
</testsuite> <!-- Regression suite 1 -->
