<?xml version="1.0" encoding="UTF-8"?>
<!-- Generated by org.testng.reporters.JUnitXMLReporter -->
<testsuite ignored="0" hostname="Administrator" failures="2" tests="2" name="Test" time="6.599" errors="0" timestamp="2021-05-18T17:48:41 IST">
  <testcase classname="Listeners.LoginTest" name="inValidCredentials" time="6.088">
    <failure type="java.lang.AssertionError" message="expected [pavan] but found [sai]">
      <![CDATA[java.lang.AssertionError: expected [pavan] but found [sai]
at Listeners.LoginTest.inValidCredentials(LoginTest.java:34)
at java.base/java.util.ArrayList.forEach(ArrayList.java:1511)
... Removed 33 stack frames]]>
    </failure>
  </testcase> <!-- inValidCredentials -->
  <testcase classname="Listeners.LoginTest" name="inValidCredentials" time="6.168">
    <failure type="java.lang.NullPointerException" message="Cannot invoke &amp;quot;org.openqa.selenium.TakesScreenshot.getScreenshotAs(org.openqa.selenium.OutputType)&amp;quot; because &amp;quot;ts&amp;quot; is null">
      <![CDATA[java.lang.NullPointerException: Cannot invoke "org.openqa.selenium.TakesScreenshot.getScreenshotAs(org.openqa.selenium.OutputType)" because "ts" is null
at Listeners.Listeners.onTestFailure(Listeners.java:50)
at java.base/java.util.ArrayList.forEach(ArrayList.java:1511)
... Removed 24 stack frames]]>
    </failure>
  </testcase> <!-- inValidCredentials -->
</testsuite> <!-- Test -->
